<?xml version="1.0" encoding="UTF-8"?>
<!-- Generated by org.testng.reporters.JUnitXMLReporter -->
<testsuite ignored="0" hostname="SWT-LTOP-1605" failures="0" tests="7" name="Test" time="21.406" errors="0" timestamp="2026-03-03T12:23:06 IST">
  <testcase classname="com.practice.OrangeHRMTest" name="openApp" time="6.459"/>
  <testcase classname="com.practice.OrangeHRMTest" name="testlogo" time="3.079"/>
  <testcase classname="com.practice.OrangeHRMTest" name="login" time="11.535"/>
  <testcase classname="com.practice.OrangeHRMTest" name="close" time="0.207"/>
  <testcase classname="com.practice.TestNGDemo" name="login" time="0.002"/>
  <testcase classname="com.practice.TestNGDemo" name="openApp" time="0.001"/>
  <testcase classname="com.practice.TestNGDemo" name="logout" time="0.002"/>
</testsuite> <!-- Test -->
