<?xml version="1.0" encoding="UTF-8"?>
<!-- Generated by org.testng.reporters.JUnitReportReporter -->
<testsuite hostname="SWT-LTOP-1605" failures="0" tests="3" name="com.practice.TestNGDemo" time="0.005" errors="0" timestamp="2026-03-03T12:23:06 IST" skipped="0">
  <testcase classname="com.practice.TestNGDemo" name="login" time="0.002"/>
  <testcase classname="com.practice.TestNGDemo" name="openApp" time="0.001"/>
  <testcase classname="com.practice.TestNGDemo" name="logout" time="0.002"/>
</testsuite> <!-- com.practice.TestNGDemo -->
