<?xml version="1.0" encoding="UTF-8"?>
<!-- Generated by org.testng.reporters.JUnitReportReporter -->
<testsuite hostname="SWT-LTOP-1605" failures="0" tests="2" name="com.practice.BeforeAndAfterMethod" time="0.084" errors="0" timestamp="2026-03-03T12:53:12 IST" skipped="0">
  <testcase classname="com.practice.BeforeAndAfterMethod" name="search" time="0.077"/>
  <testcase classname="com.practice.BeforeAndAfterMethod" name="advsearch" time="0.007"/>
</testsuite> <!-- com.practice.BeforeAndAfterMethod -->
