<?xml version="1.0" encoding="UTF-8"?>
<!-- Generated by org.testng.reporters.JUnitReportReporter -->
<testsuite hostname="SWT-LTOP-1605" failures="0" tests="2" name="com.practice.HardAssertVSSoftAssert" time="0.024" errors="0" timestamp="2026-03-05T11:45:36 IST" skipped="0">
  <testcase classname="com.practice.HardAssertVSSoftAssert" name="test_softassertion" time="0.012"/>
  <testcase classname="com.practice.HardAssertVSSoftAssert" name="test_hardassertion" time="0.012"/>
</testsuite> <!-- com.practice.HardAssertVSSoftAssert -->
