<?xml version="1.0" encoding="UTF-8"?>
<!-- Generated by org.testng.reporters.JUnitReportReporter -->
<testsuite hostname="SWT-LTOP-1605" failures="0" tests="4" name="com.practice.OrangeHRMTest" time="21.280" errors="0" timestamp="2026-03-03T12:23:06 IST" skipped="0">
  <testcase classname="com.practice.OrangeHRMTest" name="openApp" time="6.459"/>
  <testcase classname="com.practice.OrangeHRMTest" name="testlogo" time="3.079"/>
  <testcase classname="com.practice.OrangeHRMTest" name="login" time="11.535"/>
  <testcase classname="com.practice.OrangeHRMTest" name="close" time="0.207"/>
</testsuite> <!-- com.practice.OrangeHRMTest -->
